Arguments: 
  /Users/estebanhelguero/.nvm/versions/node/v12.19.0/bin/node /Users/estebanhelguero/.nvm/versions/node/v12.19.0/bin/yarn add typescript

PATH: 
  /Users/estebanhelguero/.nvm/versions/node/v12.19.0/bin:/usr/local/bin:/usr/local/bin:/usr/bin:/bin:/usr/sbin:/sbin:/Library/Apple/usr/bin:/Users/estebanhelguero/.nvm/versions/node/v12.19.0/bin

Yarn version: 
  1.22.17

Node version: 
  12.19.0

Platform: 
  darwin x64

Trace: 
  SyntaxError: /Applications/MAMP/htdocs/WORK/tuts/restaurantapi/package.json: Unexpected end of JSON input
      at JSON.parse (<anonymous>)
      at /Users/estebanhelguero/.nvm/versions/node/v12.19.0/lib/node_modules/yarn/lib/cli.js:1625:59
      at Generator.next (<anonymous>)
      at step (/Users/estebanhelguero/.nvm/versions/node/v12.19.0/lib/node_modules/yarn/lib/cli.js:310:30)
      at /Users/estebanhelguero/.nvm/versions/node/v12.19.0/lib/node_modules/yarn/lib/cli.js:321:13

npm manifest: 
  

yarn manifest: 
  No manifest

Lockfile: 
  # THIS IS AN AUTOGENERATED FILE. DO NOT EDIT THIS FILE DIRECTLY.
  # yarn lockfile v1
